# group: 1 2 0 0 0 1 
# component: secondary secondary secondary secondary secondary secondary 
# name: rv rv teff vrot lr lr 

0.0 0.0 4200.0 20.0 0.2 0.1 20727.107734 
20.0 0.0 4200.0 20.0 0.2 0.1 28780.979356 
0.0 20.0 4200.0 20.0 0.2 0.1 32178.2935747 
0.0 0.0 4697.5 20.0 0.2 0.1 16082.6389624 
0.0 0.0 4697.5 30.0 0.2 0.1 12694.4407671 
0.0 0.0 4697.5 30.0 0.375 0.1 13524.2099711 
0.0 0.0 4697.5 30.0 0.2 0.275 295759.036205 
6.66666666667 6.66666666667 4200.0 16.6666666667 0.258333333333 0.05 28251.8426858 
8.88888888889 -17.7777777778 4697.5 25.5555555556 0.277777777778 0.0833333333333 13600.147047 
-14.8148148148 -3.7037037037 4863.33333333 27.4074074074 0.303703703704 0.0777777777778 10895.6712668 
-20.0 -5.55555555556 5000.0 30.0 0.355555555556 0.0666666666667 17786.1572035 
-8.64197530864 -13.8271604938 5000.0 30.0 0.26049382716 0.137037037037 15076.3834293 
-4.85596707819 -11.7695473251 5000.0 30.0 0.338991769547 0.0993827160494 8327.62815269 
-7.28395061728 -17.6543209877 5000.0 30.0 0.4 0.0990740740741 8465.78342035 
-6.47462277092 -15.6927297668 4954.44444444 30.0 0.385322359396 0.0991769547325 8077.28211264 
-9.71193415638 -20.0 5000.0 30.0 0.4 0.0987654320988 8515.14228499 
2.88980338363 -2.4874256973 4636.75925926 27.6543209877 0.366438042981 0.05 26751.5070787 
-5.75903063557 -10.9922267947 4909.18981481 29.4135802469 0.286979881116 0.115157750343 9371.16906543 
-19.5237006554 3.72504191434 5000.0 30.0 0.352221460143 0.113831732968 12677.3755584 
-17.142711985 -12.8110552253 5000.0 28.9403292181 0.247406391302 0.101775643957 8914.22954819 
-20.0 -17.0814069671 5000.0 28.5871056241 0.4 0.102367525276 8757.43424246 
-3.4920151061 -20.0 4908.98919753 28.1161408322 0.301913241545 0.0847143897441 10460.1229425 
-4.4266343771 -20.0 5000.0 30.0 0.349834177265 0.123080548923 11086.1573314 
-12.2177697054 -9.2140990251 4912.7186214 28.2918000305 0.315236322094 0.089103470564 7952.75184753 
-18.6580189522 -5.85368836804 5000.0 30.0 0.356065666273 0.117606963896 9688.20944182 
-14.8665179907 -9.39026627603 4989.5936214 29.7501333638 0.342527560091 0.109383820358 7630.27327572 
-19.4268325411 -14.3274747338 5000.0 29.1095424986 0.389514919695 0.0852389599692 10573.7005129 
-9.17598111197 -11.8260387795 4942.65796468 29.3375708098 0.31261364076 0.10767805275 7479.63822807 
-5.38757423409 -12.1803074879 4933.13821731 29.7152073913 0.4 0.100588535953 8456.85261211 
2.34052236958 -6.2762559197 4910.85095641 30.0 0.29823055063 0.0994036581933 10600.996897 
-14.4148694076 -14.3801192052 4977.7127391 29.051445445 0.374557637657 0.101626558505 7271.8317702 
-15.2810017875 -11.9106259714 4992.57091303 29.0951091584 0.289749763182 0.101528655033 7800.35271464 
-19.2876205132 -12.3684123496 4923.23276802 28.5086862692 0.334343991513 0.103449787931 7582.35999188 
-20.0 -7.33712410213 4958.38443143 28.0115816923 0.27102061237 0.105079826981 9030.49701722 
-10.3409580952 -13.6038283506 4955.42944119 29.5028954231 0.35674692264 0.100652672795 7142.64631546 
-15.5712132633 -15.2789979523 5000.0 30.0 0.354943516521 0.119003045227 8645.27517814 
-13.0561305949 -10.7303237569 4938.12576465 28.7497200544 0.325163120701 0.0965783642297 7198.89519137 
-11.7663574503 -12.1890369346 4916.34651998 29.2050412967 0.392234527939 0.104927763823 7517.7731709 
-11.1474544003 -15.6423201828 4894.90811114 28.3683197356 0.356025720312 0.0955872463196 7099.68377777 
-9.28792260513 -18.7683471361 4847.56535601 27.6774129214 0.362774800423 0.0886889593002 8173.65422617 
-4.01296317358 -13.7554767203 4951.82741223 29.5629779857 0.371436531823 0.0989004315424 8443.85650816 
-15.4689561783 -12.7151784423 4930.38142907 28.7722591983 0.343617126591 0.102312448834 7016.69801454 
-12.7684258124 -14.1102326378 4963.3919633 28.7223622587 0.297340194948 0.0965506839879 7564.62694605 
-12.0168745408 -12.6693358604 4928.10788081 29.0843715372 0.368510944691 0.102833493864 7061.68259044 
-16.3057666271 -14.7543298199 4932.23049064 28.505432988 0.39559351677 0.0921855420996 8277.023633 
-10.9584274907 -12.5581115396 4940.05109617 29.1295363544 0.333358609763 0.103804925087 7003.84831776 
-9.9147310258 -11.5929135056 4884.62183524 28.8175886559 0.319916510575 0.0989631585381 6878.2417584 
-7.66466183489 -10.1993106558 4838.07638331 28.7006602614 0.292595947034 0.0976314585546 7169.90331182 
-10.2263366488 -15.5302388702 4906.37416656 29.1419369138 0.36756215749 0.10480628425 7331.79151041 
-12.3486821084 -11.9303025352 4930.18786513 28.8477742692 0.335762879898 0.0986353442347 6952.33502664 
-13.6107504863 -12.098892338 4880.65663133 28.1703878271 0.328983674637 0.100059532831 6716.7785285 
-15.2456466819 -11.3464243317 4843.2702264 27.5041340292 0.315102050635 0.0997629628495 6737.53703325 
-13.6253528764 -8.87925789091 4936.42746811 29.2389862118 0.320690861739 0.106615721477 7456.22504721 
-11.7669290194 -13.9515546098 4905.28795038 28.5859863546 0.347192005669 0.0983443651089 6858.43160181 
-12.6726175621 -12.2796484631 4895.62105497 28.356806016 0.301099324353 0.0978730976805 6866.67905747 
-8.28842305261 -12.0886292215 4881.76071533 28.5304339608 0.311820541708 0.0969143589926 7066.59818983 
-13.6738228969 -12.5585411371 4918.22625064 28.7118028889 0.33566798037 0.100962926374 6844.40492753 
-13.7040835422 -12.2458393233 4864.81609973 28.0339123162 0.322848848738 0.0944745498353 6733.728883 
-12.7656294025 -12.9788272571 4852.8887423 28.0443870837 0.316139901549 0.0982571992213 6562.23471302 
-12.9741030496 -13.503089618 4814.23918089 27.642693491 0.306328412375 0.0980681267146 6445.05773889 
-16.2193711596 -13.9529416575 4874.9938874 27.6829409754 0.327456904805 0.0976310409767 6853.86141971 
-14.6437358225 -13.8239710981 4857.11894515 27.9191019351 0.355059951178 0.0986404162664 6878.06584582 
-13.1653971272 -12.6657291219 4885.99552751 28.2473799958 0.314589481059 0.0980649273269 6714.87445312 
-16.0155804012 -11.7234564554 4841.02124211 27.5770528102 0.298099761659 0.0980760029106 6764.34986744 
-11.4952080081 -10.9789076737 4859.99109 28.4448021344 0.308049148141 0.0989376476875 6737.51951707 
-13.314551308 -11.8467637064 4797.34700655 27.3269399693 0.290631795166 0.0949306693949 6431.66871102 
-13.1349155136 -11.490874991 4736.90738451 26.6345085095 0.268113702564 0.0919145409055 6333.25562826 
-10.0125721744 -12.6043212332 4839.84739587 28.1475086145 0.318204660845 0.0957637721897 6666.14721866 
-14.038732623 -13.8906745347 4814.16298328 27.1806614503 0.311640445266 0.0938441689136 6468.50720335 
-11.9414067825 -13.1720212889 4792.4536014 27.3071343132 0.293104610178 0.0980971397919 6446.43285993 
-11.4782919371 -13.6766779246 4747.21205983 26.882907631 0.275010096126 0.0918580257829 6301.85789767 
-10.4120626625 -14.4655707179 4680.48977407 26.2391675329 0.24802330687 0.0877572722587 6414.46903482 
-11.3612768995 -13.446824075 4695.61200775 26.3510913407 0.276211161392 0.0917836641058 6065.08992296 
-10.4592167857 -13.8373715516 4600.42024786 25.4029470132 0.257022001558 0.0886430324952 5891.55701394 
-14.6629833894 -13.9192487364 4661.95109005 25.5361088549 0.252201761843 0.0917112393448 6159.34886522 
-10.8449065296 -12.6424201688 4636.8982049 25.9547718206 0.238953082949 0.092919866098 6384.56532942 
-12.5767322858 -13.1845397079 4606.75578794 25.3775114602 0.239438408961 0.0869411373218 5999.90896876 
-11.4115790975 -12.7472880754 4515.80907748 24.2868916054 0.203917938959 0.0832611539348 6402.11365851 
-11.8022100855 -12.9362384611 4590.41660333 25.1258420768 0.229520557313 0.0869628971297 6112.13041322 
-13.8598768027 -13.7058969554 4677.65618627 25.6985033613 0.268149093173 0.0864237582286 6132.54852669 
-11.8115215818 -15.5957827879 4557.89660725 24.7067649563 0.239000270427 0.0855988225288 5899.83208988 
-13.5792217065 -14.0496814755 4484.48678107 23.7329849433 0.220100601632 0.0835689365668 5816.40329618 
-14.6296865912 -14.2361832509 4353.1241417 22.1580235994 0.192645854386 0.0794243919588 6117.82737521 
-10.03327636 -13.8505882433 4510.5929812 24.4787424154 0.232208549178 0.0810016220789 5964.56694477 
-9.56084946571 -14.1121704537 4439.20014995 23.9097609271 0.204281036517 0.0844817244784 6261.10599957 
-12.7851199685 -13.80746533 4618.04217719 25.2513177527 0.252182079009 0.0859382497911 5923.0638391 
-11.9461528106 -15.1722379043 4535.64825751 24.5242474369 0.250463412942 0.0836010364645 5701.87196746 
-12.0181241731 -16.2902376259 4508.2640846 24.2234501169 0.260934840757 0.0819201061318 5742.02309687 
-10.9614374518 -15.586502723 4495.60656275 23.9881567124 0.244220562621 0.08250942932 5717.24262168 
-13.8142804083 -15.4990923474 4586.77389668 24.7233971895 0.255454426885 0.0889515469766 5869.74856072 
-11.4054902798 -16.1060909332 4468.90194052 23.7748483311 0.23657167968 0.0850193516595 5743.28364311 
-12.2437448991 -14.4878761904 4499.38262155 24.0087622525 0.248943958013 0.0851656219653 5550.09281141 
-12.4598565577 -13.9339228916 4470.1256287 23.6597609006 0.253915801806 0.0849490216836 5473.61932148 
-14.2629296192 -16.2784712068 4413.42744122 22.731518158 0.229886826964 0.0808900750618 5651.83003958 
-11.0574157336 -14.8765433641 4369.29164058 22.7471083046 0.22293186833 0.0778944032755 5594.91816791 
-10.4518724444 -16.6015748656 4433.18037602 23.4088950046 0.259229449149 0.0813855025881 5713.70760432 
-12.3077312593 -14.7103267185 4436.8580284 23.2450471746 0.250310960924 0.0787238044716 5547.14487192 
-13.2005486898 -14.9378562606 4390.57056139 22.784035614 0.244692210751 0.0799718518617 5359.9927524 
-14.3201043087 -14.6135330295 4338.05256071 22.1819750648 0.244928034815 0.0787030631326 5331.25968031 
-14.9995243187 -13.2601035061 4421.28747635 22.9543240086 0.224916186112 0.0802016321084 5623.15068119 
-14.5230344552 -14.0520623345 4280.69933448 21.3156637669 0.225166480042 0.0768529634467 5349.48632889 
-12.2929592585 -12.2036927413 4358.67744852 22.636441582 0.244169617046 0.0782182209776 5330.94953545 
-11.3079740781 -10.1663035086 4331.30245218 22.588903294 0.251311012086 0.0768822939356 5581.98628071 
-10.6541762057 -14.8699235205 4329.94740411 22.3076749226 0.255558068209 0.0782455268875 5478.02049554 
-14.4618716148 -13.2512770479 4368.8284944 22.3684128325 0.268417785951 0.0806697969244 5520.10614031 
-13.9296028742 -12.9311438032 4278.58559524 21.5782625152 0.247074301699 0.0804890598792 5394.30741894 
-11.5980396052 -14.2834823923 4316.53416285 22.1915134181 0.221852981922 0.0784828217447 5401.52937978 
-15.7203561475 -12.4693555437 4350.94417273 22.2135308266 0.2234776709 0.0809861900673 5574.4000581 
-11.9207211911 -14.2697815263 4335.19659627 22.2841388986 0.247537968882 0.0789306926824 5311.30405913 
-13.7349640066 -13.5173090508 4165.78960399 20.4029041813 0.222993992995 0.0722765856041 5408.11199875 
-13.4161871444 -13.621462511 4241.87361017 21.2171183611 0.230724445198 0.075444694624 5266.89783355 
-15.2028301388 -12.9470762563 4294.49421894 21.5463533114 0.258013967306 0.0777300765028 5503.95162271 
-12.4992372386 -13.9493808583 4311.02417688 22.0302233914 0.230893228268 0.0782946354342 5274.31413011 
-12.3944783246 -14.6388271971 4343.2556471 22.3102578398 0.227398956385 0.0749923635533 5585.49669706 
-13.5458217368 -13.3580646517 4294.7531082 21.7612613463 0.24215546537 0.0791148857977 5269.29576304 
-11.4753091708 -13.2865761048 4345.8264991 22.7213891146 0.254969773151 0.0793824341028 5325.16311535 
-10.7299742713 -12.282786435 4291.06458567 22.0348824998 0.23855546449 0.077758791407 5362.10745209 
-13.4225717994 -14.0308463809 4326.30556695 22.1452019236 0.243334892234 0.0784669952012 5263.76693994 
-13.1336568352 -15.3016779363 4259.64907066 21.4166694299 0.239035640655 0.0783265583031 5328.90026362 
-12.923482441 -14.5271816376 4284.40616513 21.7216124679 0.240319134753 0.0782994739718 5268.34273057 
-14.4340313462 -14.6323297504 4252.02657543 20.9984630151 0.223351938417 0.0768013584676 5374.35761192 
-12.2149897147 -13.6230145162 4322.37651818 22.2906575897 0.247065314468 0.078737165194 5267.33802826 
-14.0867088338 -13.4335353256 4258.3831189 21.4378861281 0.230626191215 0.0771885907252 5251.927428 
-15.1697026552 -13.0154122252 4219.97638022 21.0147597429 0.222170302381 0.0763175397466 5367.61279307 
-14.0373499848 -13.5819874827 4265.00851897 21.4943558808 0.247181919478 0.0774559664037 5300.83807406 
-12.8837654251 -13.8575325144 4299.5202624 21.8962565138 0.23496540107 0.0780849681766 5239.17324937 
-12.7700800493 -14.3397929768 4282.86863904 21.8083163151 0.233522994276 0.0762924101665 5277.25721185 
-13.3518863149 -13.603496733 4291.78199091 21.7730250885 0.239997347597 0.0784092668899 5247.42550274 
-13.5352206364 -12.8627810228 4295.67419071 21.8651027337 0.235252062507 0.0771444196319 5265.1138859 
-14.6837903366 -13.5135369796 4248.80306183 21.1542059932 0.224568132139 0.0761758132222 5343.60099515 
-12.8321898702 -13.5956451321 4303.98315409 22.0065446906 0.241441018885 0.0780968272011 5233.47711883 
-13.2879271489 -13.5064831919 4350.00915116 22.4908873316 0.244481192638 0.0803523279846 5266.5128051 
-13.3199921478 -13.5352280217 4322.97526591 22.172445089 0.241042005778 0.0791254196445 5246.63339936 
-13.0971508273 -14.4893136798 4305.30892901 21.9453504108 0.241883556419 0.0793129363143 5269.31540906 
-13.4257031841 -13.269414187 4298.08287529 21.885164653 0.236909935985 0.0776865488025 5235.42458522 
-13.2108434593 -13.0674375904 4265.26998889 21.5785721307 0.23165907461 0.0777302119454 5236.13120908 
-12.2547513 -13.5427160673 4335.48806026 22.3327832604 0.244712070094 0.0791891568281 5262.53241628 
-13.6287194504 -13.460830511 4277.65935424 21.6616104112 0.234147660934 0.0776887322509 5239.07992988 
-13.0818515307 -13.3251992525 4297.38164269 21.9605060742 0.233391018158 0.0777283024504 5234.86509039 
-13.0343654922 -13.3234583741 4257.65715996 21.4904397355 0.22979603077 0.0765464439645 5236.96424048 
-13.5207922371 -12.823129168 4267.15779599 21.6313560513 0.234149512044 0.0770740540283 5238.30557945 
-12.7398624742 -13.007264057 4285.51818473 21.8559173672 0.234967869216 0.0772653972131 5243.69462737 
-13.4065052063 -13.3474388975 4279.62406186 21.7101871502 0.234352713005 0.0775828984915 5235.3054547 
-12.8096940104 -13.8197353099 4300.17516494 21.9124487601 0.23503375176 0.0780496902568 5239.40716918 
-13.3430176805 -13.0722807035 4275.41213823 21.7016292285 0.234370571973 0.0773179630854 5234.40462359 
-13.3990048182 -13.2356802135 4315.59412706 22.1237615736 0.240912080102 0.0788344733609 5240.42305465 
-13.1255253237 -13.301513834 4272.14140173 21.648770195 0.232575043103 0.0771184513136 5233.82566221 
-13.1940874725 -13.5697264118 4310.27176908 22.0590285331 0.239354359093 0.0774467851694 5246.7885794 
-13.2066544626 -13.1930097957 4276.52043393 21.6986862313 0.233582895731 0.0776593552514 5233.62548769 
-12.9062115072 -13.3422816848 4270.27140223 21.690276537 0.2329944843 0.0774813837953 5228.21498737 
-12.6464656687 -13.3787154336 4256.3656657 21.592832479 0.231036758457 0.0773788012917 5228.88735153 
-12.7586449186 -13.2625379033 4285.61266244 21.8586171687 0.235098964378 0.0775511958743 5236.63535907 
-13.2445401344 -13.326213649 4281.12121201 21.7472946548 0.234539275848 0.0775749728372 5233.8034293 
-13.1375281288 -13.2851156805 4262.43493805 21.5372277715 0.236443411789 0.0773546820443 5229.36105233 
-12.8078654618 -13.6089792219 4280.07870912 21.7413041316 0.236154804579 0.0777772610622 5233.86071281 
-12.9416535165 -13.4748045923 4278.9120664 21.7313854058 0.235708746427 0.077662436568 5231.36660014 
-12.9640672162 -13.4375096774 4285.60633384 21.8217015687 0.238994901224 0.0781581012521 5235.54657943 
-13.0851607968 -13.3355127948 4275.50763476 21.6920030384 0.234180007633 0.0773783637982 5231.23961557 
-12.7919259596 -13.4159095777 4274.75533115 21.70474657 0.236910912407 0.0776360433822 5231.0711024 
-12.6915687971 -13.6234133583 4278.76774162 21.7553751064 0.238976631416 0.077543890345 5236.26622033 
-13.0778830462 -13.3006106864 4277.08226086 21.7128584501 0.234931329652 0.0776304890248 5230.82591508 
-13.1479311148 -13.1224332067 4242.33805705 21.3496212337 0.22894861185 0.0769509723365 5233.68829957 
-12.9111251813 -13.4773421507 4288.57187983 21.8423138264 0.238317917127 0.0778103634849 5236.13221394 
-12.995686152 -13.3388972398 4272.88951849 21.6911397877 0.233587245966 0.0774298737968 5229.30431589 
-12.8692006887 -13.4689634084 4287.12727816 21.8484106138 0.237217751593 0.0777891054982 5234.23700312 
-12.9239325118 -13.4085431385 4274.59173431 21.7108309714 0.234351615363 0.0775719101816 5229.25740666 
-12.8490687334 -13.3790956312 4272.51336669 21.6975115535 0.234952698353 0.0775587135888 5228.4947658 
-13.021869818 -13.3136986826 4266.35317014 21.6137521542 0.234718948044 0.0774180329198 5226.70481711 
-12.9920472767 -13.3214461856 4273.67683154 21.7015674935 0.233962906976 0.07755593641 5229.13222201 
-13.027071311 -13.2323574457 4256.30472964 21.5199488853 0.230971548075 0.0772161780659 5228.47878171 
-12.9110475674 -13.3269103497 4265.01422636 21.6201560773 0.233730154404 0.0775041778571 5226.8071856 
-12.9785062261 -13.2300535214 4260.11950788 21.5702399289 0.232758631354 0.0773395640307 5226.46292586 
-13.0057930832 -13.1408087128 4252.88339467 21.4999444077 0.231962139349 0.0772233909552 5227.00306317 
-12.9058777776 -13.2866862529 4256.51530277 21.5357275519 0.232745914534 0.0772834136758 5225.86876975 
-12.8627930281 -13.2693062866 4247.93453838 21.4528075811 0.232137418313 0.0771471523087 5226.43680867 
-13.067792669 -13.1982336811 4252.34607965 21.4858554914 0.23102052855 0.0771888698594 5227.57847036 
-12.9033638774 -13.3335972784 4267.2351667 21.6520536949 0.235018005654 0.0775223026467 5226.17661366 
-13.0232744713 -13.2207782373 4252.25641561 21.4689850959 0.233669576547 0.0772707365345 5226.96208594 
-12.8468539102 -13.372341093 4270.15185017 21.6677826763 0.236526548295 0.0775905393621 5228.62942854 
-13.0125579793 -13.2417605341 4256.79752228 21.5313372876 0.232397033487 0.0772892872351 5226.22506193 
-12.8877999439 -13.3567906357 4271.75521644 21.7054371357 0.233453319278 0.0775148562539 5228.31685462 
-12.9894058395 -13.2547813369 4257.13111581 21.5280981058 0.23361551223 0.0773317664643 5226.05154197 
-13.0261462719 -13.2266155191 4256.36970217 21.5235801638 0.233354527363 0.0772239444671 5225.48889281 
-13.0836956242 -13.1764681037 4252.04744008 21.4752922071 0.233166713843 0.0770838277721 5225.74300079 
-12.9167495059 -13.2107994649 4251.70293574 21.4999267568 0.23191092683 0.0772453932534 5226.30247689 
-12.9395275245 -13.2880266074 4255.13107394 21.520001258 0.233588675345 0.0772924718835 5225.24663541 
-12.9200381737 -13.3170131504 4252.63685697 21.4948819226 0.234003697341 0.0772689258099 5225.38077375 
-13.0088769175 -13.3330230446 4264.69035882 21.5970059306 0.234995629375 0.0774023355374 5226.31839661 
-12.9397813588 -13.2413553599 4254.94979151 21.5241965502 0.232682102466 0.0772846288244 5225.70777602 
-12.8888095706 -13.3019269174 4258.97986202 21.5632151539 0.234604545711 0.0773568887522 5225.55326143 
-12.9931522369 -13.1995333861 4245.79044937 21.4128858997 0.231845753563 0.0770687353757 5227.17422728 
-12.9258109673 -13.3000813053 4261.87398737 21.5922617461 0.234224942631 0.077408910829 5225.52269665 
-12.8859119841 -13.2934493171 4257.47545745 21.5582293688 0.233451390454 0.0772849863463 5224.81020491 
-12.8341650564 -13.3127833072 4257.64762826 21.5732950003 0.233369329565 0.0772615962873 5224.44472217 
-12.9455358056 -13.2702434192 4258.46871232 21.5631224056 0.23452879316 0.077326066672 5224.75744965 
-12.9135503733 -13.3252036653 4261.20719719 21.5876286924 0.235208168793 0.0773386641393 5225.11795692 
-12.9727690957 -13.2723910237 4257.91957173 21.5567479348 0.233486933242 0.0772603293405 5224.42970486 
-13.0147488583 -13.2576230769 4257.38942659 21.5535143252 0.232928127007 0.0772120496347 5224.29456366 
-12.9654136627 -13.260083893 4253.53059279 21.5147855357 0.233434264447 0.0771426868656 5223.95595334 
-12.9852150104 -13.2400851869 4249.3588955 21.4760474305 0.233038925355 0.077009574884 5223.6411138 
-12.8514346043 -13.3380395686 4256.69794243 21.5676228735 0.234199479045 0.0772561966998 5223.53955685 
-12.7640787704 -13.3937515933 4256.86206256 21.5896442283 0.234621954886 0.0772723228162 5223.42199934 
-12.8795704336 -13.3118701422 4258.51356687 21.5944161027 0.234309757577 0.0771809529277 5222.73821148 
-12.8495918882 -13.3237919096 4260.20481333 21.6316235251 0.234670298692 0.0771251934497 5222.08771592 
-12.8842280898 -13.274222499 4252.10331566 21.5414536126 0.232510974096 0.0770636037754 5222.23337653 
-12.8318067523 -13.3305091052 4252.72000164 21.5587369684 0.232517743374 0.0769887136104 5221.75508369 
-12.7749422257 -13.3606419481 4249.8456463 21.5565442498 0.231512218481 0.0768200370795 5221.58432296 
-12.9234365578 -13.3039220974 4250.94042505 21.5429807902 0.23305816994 0.0769059975925 5220.22388313 
-12.9680723086 -13.2994914926 4247.58682344 21.5278236852 0.232902590128 0.0767281982451 5218.77980275 
-12.7272939061 -13.3730384663 4247.93109234 21.5541979186 0.233490860206 0.0767942604487 5219.97034516 
-12.6708540525 -13.4348941161 4255.48568904 21.6577149761 0.233530706808 0.0769249637209 5219.94291777 
-12.8609153865 -13.294941884 4247.52373081 21.5668084275 0.231583927917 0.0765464294236 5219.42445247 
-12.732995166 -13.4213774399 4250.75594943 21.6234506481 0.233385893315 0.0765827570138 5218.81234407 
-12.7287657936 -13.4043365393 4239.50483046 21.5305564434 0.230798433593 0.0763403551942 5218.71835411 
-12.6683527463 -13.4446088542 4229.15483903 21.4800229025 0.228862501043 0.0759479360664 5221.11309223 
-12.7880233121 -13.3820513646 4246.41705887 21.5969731165 0.233718585508 0.0764856176026 5216.84443316 
-12.7945638553 -13.3927560728 4244.70276516 21.6171875498 0.234821769021 0.0763184078641 5216.66258038 
-12.8580949481 -13.3762273819 4247.25550377 21.6203159914 0.232183580055 0.0763527767052 5216.97650264 
-12.9769484335 -13.294816154 4236.95751198 21.5043326057 0.231694691202 0.0760313444277 5218.02974246 
-12.8255647818 -13.4347264762 4241.39739726 21.5744138803 0.233678391187 0.0762381837265 5216.05370841 
-12.8078894794 -13.5046187723 4238.33423049 21.5782166068 0.234725622821 0.0760840608779 5216.88355392 
-12.9843415409 -13.3127405991 4235.04566126 21.5014260704 0.23197392508 0.0760869983738 5215.8105154 
-13.1100147284 -13.2584221787 4227.19051718 21.4404137816 0.231267940963 0.0758391190537 5216.93343519 
-12.7546874758 -13.4390429152 4234.03439986 21.5882538285 0.232147673251 0.075727823852 5217.77513595 
-13.0026345515 -13.3457666604 4240.29291597 21.604753532 0.234701576339 0.0759114897889 5217.6346232 
-12.7630139509 -13.4722705478 4243.95203579 21.6644510118 0.234807613776 0.0761805490091 5215.52595652 
-12.6560467097 -13.5609977448 4247.44929769 21.7445102148 0.236364075063 0.0762551512998 5217.34377056 
-12.9880504003 -13.3391196642 4250.18102654 21.6059288501 0.235241278568 0.0766349779705 5216.85020708 
-12.7352419409 -13.4301802536 4247.21854729 21.5898209193 0.232867276223 0.0766924747608 5217.34160968 
-12.8020900936 -13.4090768553 4245.48713946 21.5935540724 0.233325851252 0.0764972285178 5215.85172996 
-12.8611132595 -13.4106693566 4239.66650472 21.5653378202 0.235766029573 0.0762993384487 5217.32450755 
-12.8588495259 -13.3848378756 4245.35825401 21.6065714486 0.233079192435 0.0763394171411 5215.74555781 
-12.6880908491 -13.4630164781 4235.1333911 21.579939161 0.231987635682 0.0759186169069 5217.12077969 
-12.9130605125 -13.3700938677 4246.41911768 21.5994314278 0.234427867847 0.0764558877046 5215.70793547 
-12.92107628 -13.4018260011 4241.18377 21.562761754 0.232275844838 0.0762810136269 5214.80675488 
-12.9843324923 -13.4063609652 4239.42427241 21.5355488562 0.231002882746 0.0762623165083 5215.39940382 
-12.9219125195 -13.3488887726 4244.4179288 21.6016513813 0.232951707222 0.076375514398 5214.31992574 
-12.9700863883 -13.3059699209 4245.92819457 21.6152701318 0.23258836524 0.0764441797337 5214.07839201 
-13.0013859726 -13.3401694154 4240.47520498 21.5897498757 0.233058418486 0.0760987866786 5214.40538793 
-12.8248160026 -13.4456486104 4252.72653108 21.7113191462 0.23477184246 0.0765129462576 5215.09179726 
-12.9389635097 -13.3938215789 4244.87003069 21.6410896672 0.234230791781 0.0763183705291 5213.03957783 
-12.9790205016 -13.3983134305 4244.62591903 21.6583487765 0.234806591455 0.076307847223 5212.13455786 
-12.9067391862 -13.4179721077 4243.21143413 21.6678688042 0.233008357572 0.0761525531383 5212.25451361 
-13.1046941595 -13.2976959475 4245.43164881 21.6039884844 0.232028859574 0.0764185598769 5214.15284847 
-13.1361848269 -13.2750003306 4234.22552609 21.5213434627 0.231150303261 0.0760547005016 5214.19444264 
-13.1116273984 -13.2765477164 4243.44887254 21.6560947577 0.233271120358 0.0762111954238 5211.65810754 
-13.2069029576 -13.2139085741 4244.58142381 21.7027612596 0.233768758119 0.0761762863223 5211.32165865 
-13.0998233674 -13.296117355 4245.52617717 21.6667770973 0.232725326587 0.0764192555867 5210.43315243 
-13.1490420648 -13.2740913248 4248.05166327 21.7052907082 0.232558780638 0.0765794900408 5209.35910507 
-12.9693102591 -13.3609834379 4256.38456845 21.7964992588 0.235102934271 0.0766382716101 5211.43316182 
-12.9556729597 -13.3593836512 4248.82941894 21.7780244953 0.235249069524 0.0763476494792 5209.47902781 
-13.0854762547 -13.3689142545 4249.29994797 21.8209943024 0.235576465286 0.0762898528709 5208.05991471 
-13.1431711879 -13.4003864214 4250.98582467 21.9238563876 0.237070515309 0.0762126894395 5194.04656435 
-13.2276341241 -13.2510501722 4254.60817193 21.8537248245 0.236510525533 0.0766015249 5208.76553688 
-13.2382240161 -13.2216210967 4256.52110466 21.9283702015 0.235280269676 0.0765441233742 5193.50569299 
-13.3678257733 -13.1332749298 4262.46869748 22.063380914 0.235517108787 0.0766622614498 5192.82138461 
-13.3807727633 -13.1830482533 4246.79049825 21.8791802709 0.235121985032 0.0762216956004 5193.20501261 
-13.2011366667 -13.3198363435 4259.33000103 22.0317246073 0.236907236822 0.0766988173142 5188.47847292 
-13.1982535213 -13.3728002281 4266.70428964 22.1962062811 0.238476476174 0.0769600828102 5185.58739785 
-13.5332268518 -13.1788334587 4261.04029613 22.0958553001 0.236502727633 0.076731598601 5190.18526504 
-13.4679193425 -13.232373163 4266.1475961 22.2987772846 0.240507665518 0.0765504608928 5186.92495003 
-13.469422356 -13.2491886459 4263.43756216 22.2986939883 0.237888300618 0.076511404698 5180.29054492 
-13.5903164719 -13.2482578827 4267.85225728 22.5211785702 0.23857718816 0.076466344597 5181.06476358 
-13.6626356816 -13.0494531382 4271.21048859 22.353508292 0.237600905945 0.0769998119113 5183.75401937 
-13.5189884122 -13.2222596013 4283.54581178 22.5562937491 0.240375743193 0.077250177854 5183.96409536 
-13.5823229484 -13.3016944819 4274.89331733 22.5363973844 0.24160016424 0.0770055841393 5181.81008086 
-13.4332872355 -13.2970896274 4280.9393924 22.6507703597 0.24231369093 0.0770275755008 5171.12680034 
-13.3833174273 -13.3562177118 4290.88894053 22.9282278896 0.245219172578 0.0771755639507 5176.92108389 
-13.4870507091 -13.265122078 4280.7626912 22.5651794003 0.238910761515 0.0773677514117 5177.0170254 
-13.8529822596 -13.0888022961 4284.89213151 22.7907414435 0.24108671264 0.0770940190281 5177.88766764 
-13.6435786512 -13.1948571545 4268.49938262 22.508803207 0.239424435436 0.0767518710424 5178.57186372 
-13.4935790384 -13.4161316231 4279.93100382 22.7633536357 0.242807115848 0.0769195900288 5169.40070101 
-13.4090507168 -13.5994708655 4284.29126143 22.9682763076 0.245410220799 0.0768794790876 5176.20318919 
-13.5443104682 -13.202035993 4277.92740391 22.6561166271 0.239210174755 0.0768851530973 5168.56222015 
-13.525304228 -13.1522067486 4279.4444472 22.7159762485 0.238015180013 0.0768249375763 5170.3689458 
-13.6821737647 -13.2388242782 4294.21310632 23.0129609029 0.24336266309 0.0775039153384 5172.89757168 
-13.5208825072 -13.3078114774 4297.72252711 22.9709042495 0.243139270823 0.077514130426 5174.44100567 
-13.2007789814 -13.4868693963 4285.60657674 22.7490202815 0.24216117968 0.0773120195729 5165.29627489 
-12.8746773424 -13.6859029463 4285.96379936 22.7281597005 0.2426984132 0.0774210198452 5168.38106396 
-13.4712866226 -13.3844653872 4291.35064556 23.0358626185 0.245420603527 0.0770197099097 5179.90565674 
-13.4831096875 -13.2949579053 4283.40967979 22.6828502049 0.240538222018 0.0772807410362 5166.19490646 
-13.4248638846 -13.3374914637 4269.61986056 22.5341197545 0.24032507795 0.0767955344321 5175.22901928 
-13.4968778516 -13.315231474 4290.69686047 22.8617081257 0.242435722605 0.0773344814275 5170.37445248 
-13.2018073228 -13.4319477281 4271.95719939 22.4416455087 0.239792705522 0.0767492715494 5179.00922399 
-13.5620821542 -13.2871051407 4288.64912959 22.8701320543 0.242470173698 0.0773152543912 5169.20794729 
-13.4936254916 -13.3703542167 4287.80082571 22.8769566167 0.240893838605 0.0773215043505 5164.62445556 
-13.5237946197 -13.4069865113 4291.23154236 22.9900497452 0.240183912443 0.0774684687753 5163.88452833 
-13.4390071315 -13.3827973826 4278.22158493 22.7087993905 0.240021203542 0.077059260873 5161.59946204 
-13.4100717715 -13.4165803369 4271.98394717 22.6323450229 0.238813944011 0.0769216505958 5158.63837636 
-13.4144701892 -13.2820468047 4286.3384227 22.7634843429 0.238318753021 0.0774748391274 5163.52793768 
-13.2967630849 -13.4093871751 4276.8500613 22.6211566872 0.237271888278 0.0771323696771 5160.63962615 
-13.2320189766 -13.5635733835 4287.21267278 22.8235188011 0.239885791729 0.0776448764976 5158.70726824 
-13.2095228536 -13.560189964 4282.99806122 22.8436747554 0.238340267703 0.0773706670459 5156.88635005 
-13.0727294367 -13.6928059933 4282.79225194 22.9240870307 0.237241290545 0.0774156300507 5156.36892073 
-13.4491703781 -13.4369240054 4279.86305601 22.8358602618 0.235077346996 0.0773739253351 5159.93948107 
-13.1012799926 -13.526786055 4270.44859494 22.5434343037 0.23535242575 0.0771859616526 5167.51409983 
-13.4181659629 -13.4369363972 4286.0358055 22.8783958848 0.23897604077 0.0773978419946 5159.99740327 
-13.2118363478 -13.7033556257 4275.2408422 22.8083035532 0.237436681089 0.0771539255896 5153.44395624 
-13.1105194271 -13.9140100362 4269.69205195 22.8307131583 0.236995645122 0.0769934688207 5152.41191629 
-13.2674622327 -13.7442228757 4282.34320048 23.020483366 0.238391464779 0.0774500947544 5152.81754613 
-13.095824778 -13.8191024797 4271.92658794 22.8106066621 0.236492453624 0.0772020400234 5151.71111922 
-12.9346541855 -14.010185521 4264.87197915 22.7767120508 0.235250660051 0.0771041390378 5152.86590254 
-12.9470384961 -13.9465076964 4275.45384808 22.8447244186 0.240862849608 0.0771686615791 5157.74460476 
-13.0691964041 -13.9475030893 4264.18462307 22.8641344185 0.236380090835 0.0767389721104 5151.2393367 
-12.9877851178 -14.1394679422 4252.67059822 22.8844422272 0.234627240387 0.0762860199168 5154.56814731 
-12.7775184867 -14.2714703867 4276.81357398 23.1325713285 0.23664065416 0.0774013051838 5161.94647798 
-13.2519334503 -13.6303028493 4273.19135387 22.7574015993 0.238270621548 0.0770415642428 5153.35394576 
-13.3421834135 -13.6361414114 4272.58950834 22.8910843264 0.233727672543 0.0771119284217 5156.45015894 
-13.2433971842 -13.7137329827 4273.30559327 22.8794943494 0.235511466809 0.0771261117111 5152.92115075 
-13.2733817221 -13.8968187776 4262.08888492 22.7968574872 0.236772623694 0.0767684538369 5148.95246231 
-13.3737078648 -13.9988251698 4251.73720141 22.7332427155 0.236538290269 0.07644486573 5149.21498122 
-13.1013271324 -14.0481605644 4267.98896001 22.9766948812 0.235243960073 0.0770514828428 5152.2771884 
-13.0625067146 -14.0762062916 4266.10250951 22.8870023084 0.2379139459 0.0769420590852 5151.49398761 
-12.97012316 -14.1563775373 4251.65133865 22.7015196059 0.23487477497 0.0764487308188 5154.75722713 
-13.1931274645 -13.8472615411 4274.67023502 22.940742426 0.237512292327 0.0771997537705 5150.91586515 
-13.1546019781 -13.9643408784 4265.96188154 22.9279662361 0.236442810362 0.0769741184024 5148.33905944 
-13.1766432536 -13.9895062995 4264.09679634 22.976592775 0.236166392982 0.0769644431932 5146.69637197 
-13.1888996466 -13.8106389285 4266.3675856 22.7819504779 0.238501973048 0.0768870911637 5149.95385034 
-13.2254269572 -14.0368758295 4260.57695688 22.9384866355 0.237923319304 0.0766315510298 5149.15346145 
-13.3130517681 -13.7666618635 4264.55918443 22.8792524317 0.236504951497 0.076788029283 5147.7689751 
-13.3876472 -13.8350846573 4266.60192466 22.9071596593 0.238080426783 0.0770074686487 5146.66286721 
-13.5468725979 -13.7788754413 4267.81057545 22.9286722797 0.238930594757 0.0771417169178 5146.95709543 
-13.3285560513 -13.9312672443 4253.42687592 22.8193573962 0.237137603442 0.076482591948 5146.32262153 
-13.3962703447 -13.9732700958 4242.80519637 22.7586648813 0.236950259 0.0761240110367 5147.75197429 
-13.3793360042 -14.0080992954 4257.41595546 22.9906183171 0.235693132853 0.0766604214828 5146.17789453 
-13.474554183 -14.1068294788 4252.94014039 23.0949522368 0.234288712756 0.0765470866424 5147.91190123 
-13.3941117092 -13.7722702164 4262.15291703 22.8514593867 0.235528391113 0.076925585101 5145.87641775 
-13.4784540852 -13.6399674098 4262.9408971 22.8079457622 0.234330927017 0.0770726021366 5147.80684819 
-13.3864002734 -13.8708110812 4260.66233302 23.0112891681 0.236264342529 0.076841059382 5143.20147005 
-13.442909549 -13.8578072329 4259.94905708 23.1185050085 0.236010201946 0.0768773621546 5141.40463336 
-13.3900161544 -14.031349785 4256.65532439 23.0086450826 0.236367098209 0.0768512615598 5142.89985031 
-13.5975489691 -13.8224531776 4254.63722184 22.9219888418 0.236772558467 0.0766371204384 5143.97023622 
-13.4565122791 -13.9726643265 4248.14385924 22.9963650184 0.234422568561 0.0764706455796 5142.83368828 
-13.5582555037 -13.890280767 4259.55790242 23.1431698221 0.234460380274 0.0769915401574 5144.1808036 
-13.567115384 -13.7741758731 4256.28280521 23.0227594029 0.235493933337 0.0769240835141 5140.29991453 
-13.6610050739 -13.657214162 4255.71623009 23.0388299458 0.235394333578 0.0770559145297 5139.43006976 
-13.6413041338 -13.971652934 4249.40028133 23.2243751864 0.235613989232 0.0767023630388 5139.90155419 
-13.5048432161 -13.880766439 4248.60942223 22.9597332057 0.23706653639 0.0765400156095 5140.20056001 
-13.434647833 -13.9680317822 4251.52083628 23.1934956407 0.234852350839 0.0768620670523 5138.24961929 
-13.353197265 -14.0408210846 4249.9626435 23.3292490401 0.233892247025 0.0769745403592 5129.53436187 
-13.6299076846 -13.7622922746 4247.2718401 23.2137073857 0.234432860701 0.076689018864 5136.99077993 
-13.6212100284 -13.7508537158 4255.4926322 23.2984349057 0.236380821063 0.0771424259391 5127.53427569 
-13.703558903 -13.6399484105 4259.16701868 23.4494698494 0.237359947315 0.0774783161188 5125.2685775 
-13.7216958764 -13.793091202 4243.4267549 23.2866165292 0.235243102801 0.0769360273521 5134.88316357 
-13.7320464295 -13.7409069169 4253.03883397 23.5543494398 0.23357895716 0.0774053778113 5131.3405255 
-13.6258329436 -13.5731050829 4253.46082575 23.3996988769 0.234353160295 0.0774773686396 5126.74630096 
-13.5944079602 -13.8595074951 4246.39307554 23.7055337612 0.234225758187 0.077264301852 5127.15774059 
-13.613672108 -13.786834456 4254.54454401 23.6945984465 0.235118196893 0.0778229585136 5129.82793619 
-13.4858759933 -13.7539499467 4262.09555892 23.7576832755 0.23426631949 0.0778715937461 5132.88271593 
-13.5448309641 -13.7637352605 4257.42835791 23.6399165889 0.234510515318 0.0776377021476 5128.8616336 
-13.4131202851 -13.8137436796 4253.9466545 23.5184727479 0.236240984517 0.0774796847322 5122.52762915 
-13.2536572129 -13.850162061 4254.40056477 23.5005344019 0.237571998196 0.0775168381927 5121.30494922 
-13.4114896417 -13.7889253422 4252.39295137 23.3135357263 0.235519678552 0.076960063923 5124.03179358 
-13.6913952769 -13.4509734661 4257.7849545 23.6736473614 0.237288105596 0.0778036565987 5125.83877409 
-13.5486163486 -13.6238053588 4250.43810562 23.3742234034 0.237595700729 0.0771958129606 5120.49774037 
-13.5505090409 -13.5538404079 4246.94297948 23.2413768107 0.239138293434 0.0769748683672 5132.39648529 
-13.4837754821 -13.4494657454 4262.82173135 23.1981694452 0.23900377204 0.0775463836258 5135.68629883 
-13.5667498406 -13.7569970577 4250.5002395 23.5786926822 0.235420261651 0.0773348222954 5123.50364472 
-13.4326561309 -13.7971654825 4254.76711906 23.5636689313 0.239232070385 0.0772858013902 5120.97903783 
-13.2808474158 -14.0346944381 4249.43704516 23.2530609701 0.236945113346 0.0767868950282 5136.02371343 
-13.5887583116 -13.5969037091 4255.69797717 23.5685007636 0.237202357534 0.0775494662061 5122.23229995 
-13.2304169258 -13.8313712599 4246.89863382 23.5169154536 0.2368207417 0.0771359522039 5119.34056669 
-12.9938459372 -13.9270826847 4240.76444139 23.5506382557 0.236551138893 0.0769647702464 5121.3116211 
-13.4621286152 -13.6965429675 4251.84126194 23.7206428191 0.239094698179 0.0777128338266 5122.42818583 
-13.2719946744 -13.7083198886 4254.1809813 23.5028025754 0.240418927257 0.0774640792979 5120.68617521 
-13.3132379196 -13.7726996192 4253.6198653 23.288239024 0.237185900421 0.0770031495905 5132.07965776 
-13.4249059413 -13.7155821304 4252.28591278 23.6125418703 0.23861749874 0.0775354127676 5120.33227964 
-13.1319907664 -13.9118983513 4248.62579528 23.4550614484 0.239549954802 0.0771618327316 5121.81383111 
-13.2461826527 -13.8331496908 4250.39384075 23.4834212772 0.238963055485 0.0772587411002 5120.02748196 
-13.464600345 -13.6529692094 4248.58763301 23.5173234352 0.239643999903 0.0771084283808 5119.85746256 
-13.2962494983 -13.6579003634 4246.16125003 23.438740407 0.238121237553 0.0772803408468 5118.22999372 
-13.228046182 -13.5882678039 4241.85831552 23.3762761449 0.237565821137 0.0772776105752 5118.40885366 
-13.4649958962 -13.7299394489 4244.07414404 23.4782527068 0.236168484113 0.0770408167887 5119.45947507 
-13.1605007378 -13.8498320089 4245.69569919 23.6415083132 0.238515971769 0.0772574177354 5119.976277 
-13.1960760773 -13.8028051967 4241.65115417 23.4128453274 0.237460331434 0.0768251529177 5119.02892747 
-13.3580971741 -13.675122805 4240.62899733 23.5184406039 0.236613866673 0.0769572951909 5117.69833264 
-13.4140544348 -13.5961093621 4235.74657562 23.5359502672 0.235439272266 0.0768065722362 5118.23616806 
-13.5096445678 -13.6002040856 4243.63823828 23.319330998 0.236426915356 0.0768585777076 5119.8357426 
-13.2205597015 -13.7794785105 4239.09650621 23.3775183971 0.234226525707 0.0769242835044 5120.56031475 
-13.4035901841 -13.6845965346 4246.21485131 23.4823721756 0.238289631354 0.0770623921617 5118.46641784 
-13.1401640175 -13.8603744506 4244.90477196 23.6298578934 0.238064515586 0.077242072329 5119.98372761 
-13.4172744302 -13.6652466768 4243.9548717 23.3969627219 0.236836315414 0.0769544513629 5118.49220725 
-13.1689055337 -13.7090748299 4244.42910875 23.443839523 0.238545557263 0.0770310447726 5118.26640834 
-13.3829807068 -13.5668775422 4240.78144394 23.3808181327 0.238468238197 0.0769009402136 5118.45931871 
-13.4796230985 -13.516801054 4245.73902019 23.4742125273 0.238164617383 0.0772370019319 5118.61297702 
-13.4087363432 -13.5883020897 4244.71705368 23.4588707273 0.237988545896 0.0771340396783 5117.90130956 
-13.2555787165 -13.6287113781 4243.68936332 23.5107311346 0.239172710231 0.0771675662584 5118.32792131 
-13.2199258068 -13.5907331348 4240.58755437 23.4347746672 0.238013753917 0.0770946834919 5117.54428816 
-13.1280936181 -13.5438014348 4237.77390591 23.410975913 0.237875815199 0.0771108291569 5118.22234301 
-13.1861836507 -13.7164039914 4245.95633188 23.5543142217 0.237683652314 0.0773207165326 5118.36786998 
-13.2353829148 -13.6790223791 4244.6626099 23.5109401994 0.237879798785 0.0772157724529 5117.7425415 
-13.3068537071 -13.6713404892 4243.37282804 23.424470908 0.236548209798 0.0770701592194 5117.79631801 
-13.4395096143 -13.5783989238 4242.28098904 23.4849063147 0.236509580277 0.0772197188541 5118.47115978 
-13.2365565539 -13.6764058534 4243.89207882 23.4541062209 0.238036563017 0.077078213293 5117.64117401 
-13.2922680016 -13.6357418869 4239.79245735 23.4951273685 0.236905675142 0.0769030469286 5117.13136481 
-13.2902772532 -13.6246626487 4236.60806101 23.5233208493 0.236297893936 0.0767143999694 5117.48343163 
-13.1409583762 -13.7211534264 4239.59512159 23.4870825953 0.236677409881 0.0769723505139 5117.79863954 
-13.207902868 -13.6879405922 4240.87560461 23.4800296283 0.237005193885 0.077012772805 5117.40438977 
-13.2098573993 -13.6436483946 4240.10693943 23.5400019881 0.238270074008 0.077017102168 5117.60950975 
-13.2728196864 -13.6241751765 4237.29860074 23.4632199596 0.237068576762 0.0768052655062 5117.231258 
-13.1216795979 -13.6110922078 4240.22208111 23.4373126736 0.238486078904 0.0770130662067 5118.02869313 
-13.29899278 -13.6591151557 4240.52726828 23.4981586213 0.23708191973 0.0769712379448 5117.28305339 
-13.2640322935 -13.6040455935 4235.83739611 23.5163311901 0.236745168132 0.0768564896552 5117.12563984 
-13.2777701633 -13.5678654636 4231.81005475 23.5474436748 0.236099470689 0.0767456278363 5117.57154144 
-13.3087897461 -13.6236021186 4238.19935439 23.4225451569 0.236003355181 0.0768640632759 5117.43941753 
-13.3283426518 -13.6874737064 4236.92267278 23.5236959744 0.23558954236 0.0767096085467 5118.4023047 
-13.247030018 -13.6149182777 4239.67133398 23.457004994 0.237407701028 0.0769984147556 5117.13048969 
-13.2188921364 -13.6517101089 4239.80153263 23.547412097 0.238068056379 0.0769850125892 5117.50453961 
-13.2863153437 -13.6306291162 4238.59989895 23.4537618919 0.23651953048 0.0768943006042 5117.18187032 
-13.3459165065 -13.5682678099 4236.36671385 23.4811717135 0.236904329873 0.0767968123265 5117.24857902 
-13.2704678365 -13.5668107979 4235.32819872 23.4573804179 0.236768407409 0.0767802053139 5117.08175542 
-13.2562053648 -13.520658619 4232.72866393 23.4369913162 0.236611651248 0.0766846889985 5117.32706402 
-13.1983945535 -13.657172473 4239.14258143 23.4664368938 0.236900689777 0.0769490952614 5117.21313688 
-13.2466829958 -13.6122642052 4238.82535477 23.4854609592 0.23668048056 0.0769885853334 5117.02951102 
-13.2336146505 -13.6063087196 4239.58873179 23.4965814591 0.23648643246 0.077080245247 5117.21655441 
-13.3372042763 -13.5642974862 4236.87563186 23.4885853801 0.236774964473 0.0768579189356 5117.10583892 
-13.2662464635 -13.5687302996 4236.84355864 23.5128682113 0.237241268434 0.0769005863699 5117.01754104 
-13.2562120234 -13.5377808913 4235.96538849 23.542421371 0.237602137411 0.0769037292527 5117.25646029 
-13.2516199596 -13.5412803331 4234.66803401 23.477416349 0.236966988203 0.0768910198593 5117.18619531 
-13.2821059911 -13.6121264985 4238.51135151 23.4906996137 0.236921003407 0.0769000401613 5117.01365376 
-13.3085499342 -13.5611733493 4234.40249656 23.5267702634 0.236302729777 0.0767628605009 5117.24420422 
-13.2624099971 -13.6014820456 4238.35412462 23.4744463114 0.237131458215 0.0769395261919 5117.0079629 
-13.2910068933 -13.5711915174 4239.07534394 23.4534824411 0.237094026035 0.0769324644468 5116.93282775 
-13.3044941932 -13.5547644794 4240.69431785 23.4220580665 0.237268454986 0.0769704518426 5117.02114196 
-13.2024357829 -13.6132376352 4238.77034554 23.4695272714 0.237170583547 0.0769558836701 5117.0249495 
-13.2464948714 -13.6261999359 4241.46516096 23.5047811848 0.237311199324 0.0770921567439 5117.13466736 
-13.2644745952 -13.5816580824 4236.86243928 23.4692306096 0.236904105388 0.0768581931714 5116.97205957 
-13.2762102452 -13.5705444877 4237.31369974 23.4712905269 0.237473667781 0.0768403126704 5117.11982796 
-13.2540648082 -13.6018342758 4238.44744101 23.4819183512 0.236878777366 0.0769515171677 5116.9566424 
-13.3376671333 -13.5657699379 4237.26107413 23.4913545746 0.236886296068 0.0768715588328 5117.09507803 
-13.2362436205 -13.6013707109 4238.39302768 23.4749840972 0.237099511677 0.0769348024608 5116.95805921 
-13.2638555049 -13.6211574106 4239.70435071 23.4353855967 0.236768358928 0.0769382614967 5117.08872229 
-13.2656487239 -13.5818370774 4237.55875666 23.4934975577 0.237123041058 0.0769100051516 5116.9569389 
-13.2425102216 -13.567664738 4237.71902622 23.4584868424 0.237155969839 0.0769421293688 5116.96054808 
-13.2555729571 -13.5670367551 4237.66455364 23.4694203217 0.236953685572 0.0769035110638 5116.8666171 
-13.2521544372 -13.5498141098 4237.31976815 23.4669073268 0.23686479925 0.0768855034998 5116.82196037 
-13.2494016396 -13.5762460607 4239.30868194 23.4738615958 0.237167936354 0.0769939475271 5116.89091082 
-13.2736631526 -13.593099846 4238.98198024 23.4897302809 0.236920060741 0.0769272840491 5116.89356971 
-13.2924029311 -13.5566369182 4238.5042963 23.4781484206 0.236916701924 0.0769321048199 5116.8578443 
-13.2719158968 -13.5677704986 4239.6537472 23.4545185811 0.236824392832 0.0769642686852 5116.8481647 
-13.2894501754 -13.5364187078 4239.16716491 23.456964531 0.237050528346 0.0769270071749 5116.81330654 
-13.307142859 -13.5037109237 4239.52702686 23.4444876209 0.237136403837 0.0769147521786 5116.85535712 
-13.2519891843 -13.5554705296 4238.56986898 23.4865611377 0.236820780448 0.0769442408051 5116.76345955 
-13.2324803297 -13.5476100357 4238.3171315 23.503100486 0.236684157655 0.0769501289843 5116.74755904 
-13.2556053173 -13.518398931 4238.44161642 23.4547700329 0.236916111379 0.0769570361813 5116.77560558 
-13.2819347229 -13.5159703396 4237.82589288 23.4642748636 0.236584294108 0.0768780689214 5116.77978411 
-13.2354440287 -13.522023956 4238.40414406 23.4553635199 0.236724725933 0.0769218996624 5116.71034913 
-13.2069645774 -13.5047174749 4238.35406794 23.4439710695 0.236628737938 0.0769167970837 5116.71193892 
-13.2437737736 -13.495641528 4236.83815877 23.4792750056 0.236783812725 0.0768756127895 5116.74557973 
-13.2607416787 -13.4955403895 4239.01160136 23.4710088195 0.236716410799 0.0769510810715 5116.68529133 
-13.2650352994 -13.4684035293 4239.85751797 23.4730595658 0.236642216573 0.0769838698574 5116.70581966 
-13.2138764416 -13.4953096855 4237.11235008 23.4856330449 0.236419309187 0.0769176020285 5116.755838 
-13.1987058003 -13.5088711689 4238.21577452 23.4854421059 0.236830548451 0.0769797179845 5116.74919413 
-13.2060687002 -13.5032666569 4237.52477034 23.505170961 0.236470210204 0.0769083113257 5116.71354167 
-13.2451949955 -13.5290082262 4238.9915101 23.4808205878 0.236983979402 0.0769446485774 5116.68320049 
-13.2608542724 -13.5458574965 4239.9310901 23.4784143592 0.23726631451 0.0769581718519 5116.74267042 
-13.2758620351 -13.5221590952 4238.14666419 23.4794710206 0.236623883788 0.0768708428191 5116.74498468 
-13.2565480742 -13.4749365816 4237.98848478 23.4539361522 0.236750183296 0.0768740030976 5116.71769238 
-13.2495127305 -13.5200034405 4239.85089951 23.469315348 0.236639318415 0.0769479827284 5116.67598219 
-13.2523822089 -13.5321843967 4241.35726987 23.4643355192 0.236567071261 0.0769841676978 5116.75554988 
-13.2086413674 -13.4927673217 4239.11047252 23.4657341088 0.236804392228 0.0769784660019 5116.68065802 
-13.2119864261 -13.5459334154 4239.64264785 23.4952016295 0.236696162365 0.0770101266915 5116.75074429 
-13.2454076622 -13.49268579 4238.40202554 23.4642525215 0.236736678063 0.0769080339961 5116.67019685 
-13.2755787874 -13.5140763844 4240.39878069 23.4303273408 0.237064958076 0.0769757260202 5116.80510623 
-13.223446222 -13.5059690888 4238.24327293 23.486460056 0.236618897172 0.0769251649993 5116.66488652 
-13.2422041901 -13.4899674629 4239.46578326 23.490500294 0.236775166093 0.0769632261291 5116.6244444 
-13.2455842708 -13.4739392163 4239.99660287 23.508068681 0.236800386173 0.0769838893624 5116.62000625 
-13.2118540708 -13.5092506383 4239.18665979 23.4872082816 0.236811473019 0.076944980817 5116.61934309 
-13.1874102668 -13.5161057627 4239.27418901 23.4953080126 0.23685900413 0.0769419306897 5116.62845495 
-13.2162871124 -13.469196939 4239.27180096 23.4795257445 0.236486402288 0.0769515240576 5116.66664931 
-13.2553893221 -13.4975810493 4239.20661468 23.4992094354 0.236559992816 0.0769087259851 5116.65713257 
-13.2164768229 -13.4628708001 4238.25142608 23.5055928919 0.236698624762 0.0769261236774 5116.65194253 
-13.2109382782 -13.4802501206 4239.65010022 23.524435842 0.23658858068 0.0769721023035 5116.64651624 
-13.2382758832 -13.5074233654 4238.90642457 23.5241326514 0.236872915919 0.0769354716573 5116.62929069 
-13.236059994 -13.4711359745 4240.15600314 23.5297558718 0.236825093951 0.0769652662683 5116.59565293 
-13.24236688 -13.4537194174 4241.11236825 23.5514037797 0.236928192341 0.0769853169028 5116.61921284 
-13.1976737845 -13.4707089892 4239.50912421 23.5271886378 0.236972365353 0.0770005520436 5116.65640975 
-13.2121026689 -13.4774270042 4239.43349683 23.5201938372 0.236869272218 0.076977595529 5116.61784723 
-13.2351282324 -13.5102713064 4240.85833639 23.525672163 0.236890615892 0.0770003116351 5116.60492656 
-13.2487300952 -13.5028990478 4239.86240764 23.5072413201 0.237101338377 0.0769637361195 5116.61072419 
-13.2248772275 -13.4742176971 4240.92474432 23.5019140668 0.236893143958 0.0770097882531 5116.59579119 
-13.2106664921 -13.5077946731 4240.1439465 23.5159264992 0.236996592966 0.0769700035115 5116.58082062 
-13.1932076027 -13.5247224015 4240.21761832 23.5198554082 0.237094696362 0.0769630605861 5116.60555034 
-13.2440008326 -13.4719979294 4241.27298515 23.5463596378 0.237047212768 0.0770172529552 5116.6077482 
-13.2543849556 -13.5020118719 4241.63931089 23.5220960157 0.237048727086 0.0769978573853 5116.59209245 
-13.2196424829 -13.476244103 4241.80270116 23.540000098 0.23679912383 0.07702309055 5116.62653529 
-13.2414581921 -13.4962353116 4240.34748102 23.5154310145 0.23702578474 0.0769785747271 5116.58429576 
-13.2235241987 -13.5152243488 4240.08362227 23.4905722392 0.236846106763 0.0769566809716 5116.59938621 
-13.2285287876 -13.478601986 4240.24003299 23.4995597393 0.236987867262 0.0769590787372 5116.56844201 
-13.2252290653 -13.4627673258 4239.93088129 23.4865035275 0.237036492948 0.0769384622883 5116.58927139 
-13.2418010177 -13.4614414893 4241.06688402 23.5376554966 0.237079629892 0.0770035086559 5116.59479724 
-13.2460892522 -13.4981894051 4240.27314186 23.5382274789 0.237094754674 0.0769483081753 5116.59012263 
-13.2382495718 -13.5102889378 4241.08092928 23.5132095429 0.237252691589 0.0769871774625 5116.58538235 
-13.2313247328 -13.5362659059 4240.17473017 23.4971612669 0.237055842881 0.0769434913438 5116.62268514 
-13.2391819464 -13.4801475934 4240.84384555 23.5275319392 0.237073683139 0.0769885043279 5116.5724663 
-13.2136731251 -13.4884074304 4239.33714819 23.5145327223 0.237095064371 0.0769460249286 5116.59794202 
-13.244206998 -13.4986107615 4241.06377021 23.5202051923 0.237060311407 0.0769848992711 5116.57384951 
-13.2213414104 -13.4923703494 4240.96685999 23.4923938303 0.237037555693 0.0770077711704 5116.58916803 
-13.2275283709 -13.4938251133 4240.79343046 23.5038522424 0.237051855439 0.0769929054217 5116.573235 
-13.2256073573 -13.4747828752 4240.06323963 23.5142926661 0.236812673395 0.076970811203 5116.58838265 
-13.2350890181 -13.5014124221 4240.82650687 23.5134803237 0.237142687041 0.0769830858976 5116.57199101 
-13.220275679 -13.4905622049 4240.95636318 23.5114209642 0.237078547677 0.0769809176619 5116.55445805 
-13.2096844224 -13.4877256516 4241.26080425 23.509415939 0.237104929146 0.0769820891292 5116.55023187 
-13.2507400224 -13.4723131695 4241.53218361 23.5087552928 0.237143851512 0.0769935174167 5116.57983733 
-13.2407216398 -13.4811835454 4241.18512433 23.5105480944 0.237107036876 0.0769876389404 5116.5658733 
-13.2160377304 -13.4756880091 4240.65281128 23.501257567 0.237095708227 0.0769795348802 5116.56538944 
-13.2288861441 -13.4744279559 4240.87627797 23.5167456251 0.237118781791 0.0769670718825 5116.55467377 
-13.2138006344 -13.48619893 4240.83667368 23.4894704903 0.237111986975 0.0769643288279 5116.56496643 
-13.2107974348 -13.4598629372 4240.8574013 23.495518828 0.237032749718 0.0769634949016 5116.56796775 
-13.2114472144 -13.4764270237 4241.64966461 23.5080924419 0.237202530315 0.0769889741168 5116.55183657 
-13.2293951604 -13.5006874347 4241.29638408 23.5163245579 0.237214241391 0.0769930510241 5116.56474481 
-13.1956954622 -13.4858681229 4241.00574762 23.5032207794 0.237175689073 0.0769707110132 5116.56140025 
-13.2135986155 -13.4947570305 4241.65570613 23.5131657109 0.237213678004 0.0769758737843 5116.55041415 
-13.2157683719 -13.4870988098 4241.74485454 23.5328511944 0.237231296265 0.0769949281555 5116.55113299 
-13.1956315831 -13.4680807634 4241.4346343 23.5115060056 0.237134726807 0.0769668316697 5116.55763441 
-13.2293099883 -13.4769709554 4241.86823298 23.5273715263 0.237159625036 0.0769878785662 5116.55315444 
-13.2406000024 -13.4977217122 4241.5838792 23.5243748069 0.237208886713 0.0769987735418 5116.56894845 
-13.2068736879 -13.4754910006 4241.47194552 23.5147232059 0.237153266783 0.0769748171377 5116.54796777 
-13.200007956 -13.491728868 4242.34079138 23.5184610477 0.237236326725 0.0770011150807 5116.55663789 
-13.2216665971 -13.4787531839 4241.24240632 23.5171744807 0.237148168025 0.0769755826821 5116.54811831 
-13.1970363148 -13.4897799446 4241.14022748 23.5044361313 0.237191664476 0.0769762097691 5116.56054466 
-13.2212415699 -13.4801732027 4241.6862316 23.5216376775 0.237167634896 0.0769849613669 5116.54728723 
